[1018/135328.863:ERROR:viz_main_impl.cc(162)] Exiting GPU process due to errors during initialization
[1018/135329.720:ERROR:viz_main_impl.cc(162)] Exiting GPU process due to errors during initialization
[1018/135330.181:ERROR:gpu_init.cc(441)] Passthrough is not supported, GL is disabled
[1018/145731.815:WARNING:dns_config_service_win.cc(712)] Failed to read DnsConfig.
[1018/145731.906:WARNING:dns_config_service_win.cc(712)] Failed to read DnsConfig.
[1018/215703.784:WARNING:dns_config_service_win.cc(712)] Failed to read DnsConfig.
[1018/215703.784:WARNING:dns_config_service_win.cc(712)] Failed to read DnsConfig.
[1018/215707.441:WARNING:dns_config_service_win.cc(712)] Failed to read DnsConfig.
[1018/215707.441:WARNING:dns_config_service_win.cc(712)] Failed to read DnsConfig.
[1018/215707.628:WARNING:dns_config_service_win.cc(712)] Failed to read DnsConfig.
[1018/215707.662:WARNING:dns_config_service_win.cc(712)] Failed to read DnsConfig.
[1019/134927.773:WARNING:dns_config_service_win.cc(712)] Failed to read DnsConfig.
[1019/030939.590:WARNING:dns_config_service_win.cc(712)] Failed to read DnsConfig.
[1019/134927.933:WARNING:dns_config_service_win.cc(712)] Failed to read DnsConfig.
[1019/134928.639:WARNING:dns_config_service_win.cc(712)] Failed to read DnsConfig.
[1019/134929.569:WARNING:dns_config_service_win.cc(712)] Failed to read DnsConfig.
[1019/134929.633:WARNING:dns_config_service_win.cc(712)] Failed to read DnsConfig.
[1019/134930.518:WARNING:dns_config_service_win.cc(712)] Failed to read DnsConfig.
[1019/134930.598:WARNING:dns_config_service_win.cc(712)] Failed to read DnsConfig.
[1019/134932.789:WARNING:dns_config_service_win.cc(712)] Failed to read DnsConfig.
[1019/134932.798:WARNING:dns_config_service_win.cc(712)] Failed to read DnsConfig.
[1019/134932.960:WARNING:dns_config_service_win.cc(712)] Failed to read DnsConfig.
[1019/134933.677:WARNING:dns_config_service_win.cc(712)] Failed to read DnsConfig.
[1019/134934.673:WARNING:dns_config_service_win.cc(712)] Failed to read DnsConfig.
[1019/134934.722:WARNING:dns_config_service_win.cc(712)] Failed to read DnsConfig.
[1019/134935.233:WARNING:dns_config_service_win.cc(712)] Failed to read DnsConfig.
[1019/134935.248:WARNING:dns_config_service_win.cc(712)] Failed to read DnsConfig.
[1019/134935.538:WARNING:dns_config_service_win.cc(712)] Failed to read DnsConfig.
[1019/134935.575:WARNING:dns_config_service_win.cc(712)] Failed to read DnsConfig.
[1019/134935.655:WARNING:dns_config_service_win.cc(712)] Failed to read DnsConfig.
[1019/134935.655:WARNING:dns_config_service_win.cc(712)] Failed to read DnsConfig.
[1019/134937.812:WARNING:dns_config_service_win.cc(712)] Failed to read DnsConfig.
[1019/134937.812:WARNING:dns_config_service_win.cc(712)] Failed to read DnsConfig.
[1019/134937.978:WARNING:dns_config_service_win.cc(712)] Failed to read DnsConfig.
[1019/134938.700:WARNING:dns_config_service_win.cc(712)] Failed to read DnsConfig.
[1019/134939.684:WARNING:dns_config_service_win.cc(712)] Failed to read DnsConfig.
[1019/134939.732:WARNING:dns_config_service_win.cc(712)] Failed to read DnsConfig.
[1019/134940.254:WARNING:dns_config_service_win.cc(712)] Failed to read DnsConfig.
[1019/134940.262:WARNING:dns_config_service_win.cc(712)] Failed to read DnsConfig.
[1019/134940.548:WARNING:dns_config_service_win.cc(712)] Failed to read DnsConfig.
[1019/134940.595:WARNING:dns_config_service_win.cc(712)] Failed to read DnsConfig.
[1019/134940.676:WARNING:dns_config_service_win.cc(712)] Failed to read DnsConfig.
[1019/134940.677:WARNING:dns_config_service_win.cc(712)] Failed to read DnsConfig.
[1019/134942.827:WARNING:dns_config_service_win.cc(712)] Failed to read DnsConfig.
[1019/134942.827:WARNING:dns_config_service_win.cc(712)] Failed to read DnsConfig.
[1019/134942.993:WARNING:dns_config_service_win.cc(712)] Failed to read DnsConfig.
[1019/134943.711:WARNING:dns_config_service_win.cc(712)] Failed to read DnsConfig.
[1019/134944.883:WARNING:dns_config_service_win.cc(712)] Failed to read DnsConfig.
[1019/134945.040:WARNING:dns_config_service_win.cc(712)] Failed to read DnsConfig.
[1019/134945.329:WARNING:dns_config_service_win.cc(712)] Failed to read DnsConfig.
[1019/134945.329:WARNING:dns_config_service_win.cc(712)] Failed to read DnsConfig.
[1019/134945.629:WARNING:dns_config_service_win.cc(712)] Failed to read DnsConfig.
[1019/134945.692:WARNING:dns_config_service_win.cc(712)] Failed to read DnsConfig.
[1019/134945.754:WARNING:dns_config_service_win.cc(712)] Failed to read DnsConfig.
[1019/134947.822:WARNING:dns_config_service_win.cc(712)] Failed to read DnsConfig.
[1019/134947.853:WARNING:dns_config_service_win.cc(712)] Failed to read DnsConfig.
[1019/134948.059:WARNING:dns_config_service_win.cc(712)] Failed to read DnsConfig.
[1019/134948.725:WARNING:dns_config_service_win.cc(712)] Failed to read DnsConfig.
[1019/134949.913:WARNING:dns_config_service_win.cc(712)] Failed to read DnsConfig.
[1019/134950.058:WARNING:dns_config_service_win.cc(712)] Failed to read DnsConfig.
[1019/134950.360:WARNING:dns_config_service_win.cc(712)] Failed to read DnsConfig.
[1019/134950.360:WARNING:dns_config_service_win.cc(712)] Failed to read DnsConfig.
[1019/134950.640:WARNING:dns_config_service_win.cc(712)] Failed to read DnsConfig.
[1019/134950.727:WARNING:dns_config_service_win.cc(712)] Failed to read DnsConfig.
[1019/134950.764:WARNING:dns_config_service_win.cc(712)] Failed to read DnsConfig.
[1019/134952.861:WARNING:dns_config_service_win.cc(712)] Failed to read DnsConfig.
[1019/134952.870:WARNING:dns_config_service_win.cc(712)] Failed to read DnsConfig.
[1019/134953.092:WARNING:dns_config_service_win.cc(712)] Failed to read DnsConfig.
[1019/134953.756:WARNING:dns_config_service_win.cc(712)] Failed to read DnsConfig.
[1019/134954.945:WARNING:dns_config_service_win.cc(712)] Failed to read DnsConfig.
[1019/134955.082:WARNING:dns_config_service_win.cc(712)] Failed to read DnsConfig.
[1019/134955.414:WARNING:dns_config_service_win.cc(712)] Failed to read DnsConfig.
[1019/134955.455:WARNING:dns_config_service_win.cc(712)] Failed to read DnsConfig.
[1019/134955.669:WARNING:dns_config_service_win.cc(712)] Failed to read DnsConfig.
[1019/134955.746:WARNING:dns_config_service_win.cc(712)] Failed to read DnsConfig.
[1019/134955.787:WARNING:dns_config_service_win.cc(712)] Failed to read DnsConfig.
[1019/134957.884:WARNING:dns_config_service_win.cc(712)] Failed to read DnsConfig.
[1019/134957.885:WARNING:dns_config_service_win.cc(712)] Failed to read DnsConfig.
[1019/134958.112:WARNING:dns_config_service_win.cc(712)] Failed to read DnsConfig.
[1019/134958.767:WARNING:dns_config_service_win.cc(712)] Failed to read DnsConfig.
[1019/134959.967:WARNING:dns_config_service_win.cc(712)] Failed to read DnsConfig.
[1019/135000.113:WARNING:dns_config_service_win.cc(712)] Failed to read DnsConfig.
[1019/135000.426:WARNING:dns_config_service_win.cc(712)] Failed to read DnsConfig.
[1019/135000.464:WARNING:dns_config_service_win.cc(712)] Failed to read DnsConfig.
[1019/135000.677:WARNING:dns_config_service_win.cc(712)] Failed to read DnsConfig.
[1019/135000.764:WARNING:dns_config_service_win.cc(712)] Failed to read DnsConfig.
[1019/135000.814:WARNING:dns_config_service_win.cc(712)] Failed to read DnsConfig.
[1019/135048.026:WARNING:dns_config_service_win.cc(712)] Failed to read DnsConfig.
[1019/135048.230:WARNING:dns_config_service_win.cc(712)] Failed to read DnsConfig.
[1019/135048.519:WARNING:dns_config_service_win.cc(712)] Failed to read DnsConfig.
[1019/135048.828:WARNING:dns_config_service_win.cc(712)] Failed to read DnsConfig.
[1019/135053.054:WARNING:dns_config_service_win.cc(712)] Failed to read DnsConfig.
[1019/135053.253:WARNING:dns_config_service_win.cc(712)] Failed to read DnsConfig.
[1019/135053.535:WARNING:dns_config_service_win.cc(712)] Failed to read DnsConfig.
[1019/135053.846:WARNING:dns_config_service_win.cc(712)] Failed to read DnsConfig.
[1019/135058.057:WARNING:dns_config_service_win.cc(712)] Failed to read DnsConfig.
[1019/135058.265:WARNING:dns_config_service_win.cc(712)] Failed to read DnsConfig.
[1019/135058.557:WARNING:dns_config_service_win.cc(712)] Failed to read DnsConfig.
[1019/135058.867:WARNING:dns_config_service_win.cc(712)] Failed to read DnsConfig.
[1019/135103.066:WARNING:dns_config_service_win.cc(712)] Failed to read DnsConfig.
[1019/135103.291:WARNING:dns_config_service_win.cc(712)] Failed to read DnsConfig.
[1019/135103.577:WARNING:dns_config_service_win.cc(712)] Failed to read DnsConfig.
[1019/135103.894:WARNING:dns_config_service_win.cc(712)] Failed to read DnsConfig.
[1019/135108.085:WARNING:dns_config_service_win.cc(712)] Failed to read DnsConfig.
[1019/135108.310:WARNING:dns_config_service_win.cc(712)] Failed to read DnsConfig.
[1019/135108.599:WARNING:dns_config_service_win.cc(712)] Failed to read DnsConfig.
[1019/135108.907:WARNING:dns_config_service_win.cc(712)] Failed to read DnsConfig.
[1019/135113.101:WARNING:dns_config_service_win.cc(712)] Failed to read DnsConfig.
[1019/135113.329:WARNING:dns_config_service_win.cc(712)] Failed to read DnsConfig.
[1019/135113.615:WARNING:dns_config_service_win.cc(712)] Failed to read DnsConfig.
[1019/135113.923:WARNING:dns_config_service_win.cc(712)] Failed to read DnsConfig.
[1019/135118.116:WARNING:dns_config_service_win.cc(712)] Failed to read DnsConfig.
[1019/135118.342:WARNING:dns_config_service_win.cc(712)] Failed to read DnsConfig.
[1019/135118.629:WARNING:dns_config_service_win.cc(712)] Failed to read DnsConfig.
[1019/135118.928:WARNING:dns_config_service_win.cc(712)] Failed to read DnsConfig.
[1019/135123.136:WARNING:dns_config_service_win.cc(712)] Failed to read DnsConfig.
[1019/135123.361:WARNING:dns_config_service_win.cc(712)] Failed to read DnsConfig.
[1019/135123.684:WARNING:dns_config_service_win.cc(712)] Failed to read DnsConfig.
[1019/135123.953:WARNING:dns_config_service_win.cc(712)] Failed to read DnsConfig.
[1019/135128.149:WARNING:dns_config_service_win.cc(712)] Failed to read DnsConfig.
[1019/135128.375:WARNING:dns_config_service_win.cc(712)] Failed to read DnsConfig.
[1019/135128.703:WARNING:dns_config_service_win.cc(712)] Failed to read DnsConfig.
[1019/135128.958:WARNING:dns_config_service_win.cc(712)] Failed to read DnsConfig.
[1019/135133.161:WARNING:dns_config_service_win.cc(712)] Failed to read DnsConfig.
[1019/135133.380:WARNING:dns_config_service_win.cc(712)] Failed to read DnsConfig.
[1019/135133.708:WARNING:dns_config_service_win.cc(712)] Failed to read DnsConfig.
[1019/135133.974:WARNING:dns_config_service_win.cc(712)] Failed to read DnsConfig.
[1019/135138.180:WARNING:dns_config_service_win.cc(712)] Failed to read DnsConfig.
[1019/135138.398:WARNING:dns_config_service_win.cc(712)] Failed to read DnsConfig.
[1019/135138.808:WARNING:dns_config_service_win.cc(712)] Failed to read DnsConfig.
[1019/135139.001:WARNING:dns_config_service_win.cc(712)] Failed to read DnsConfig.
[1019/135143.193:WARNING:dns_config_service_win.cc(712)] Failed to read DnsConfig.
[1019/135143.409:WARNING:dns_config_service_win.cc(712)] Failed to read DnsConfig.
[1019/135143.813:WARNING:dns_config_service_win.cc(712)] Failed to read DnsConfig.
[1019/135144.016:WARNING:dns_config_service_win.cc(712)] Failed to read DnsConfig.
[1019/135148.214:WARNING:dns_config_service_win.cc(712)] Failed to read DnsConfig.
[1019/135148.416:WARNING:dns_config_service_win.cc(712)] Failed to read DnsConfig.
[1019/135148.821:WARNING:dns_config_service_win.cc(712)] Failed to read DnsConfig.
[1019/135149.102:WARNING:dns_config_service_win.cc(712)] Failed to read DnsConfig.
[1019/135153.230:WARNING:dns_config_service_win.cc(712)] Failed to read DnsConfig.
[1019/135153.446:WARNING:dns_config_service_win.cc(712)] Failed to read DnsConfig.
[1019/135153.832:WARNING:dns_config_service_win.cc(712)] Failed to read DnsConfig.
[1019/135154.119:WARNING:dns_config_service_win.cc(712)] Failed to read DnsConfig.
[1019/135158.238:WARNING:dns_config_service_win.cc(712)] Failed to read DnsConfig.
[1019/135158.459:WARNING:dns_config_service_win.cc(712)] Failed to read DnsConfig.
[1019/135158.853:WARNING:dns_config_service_win.cc(712)] Failed to read DnsConfig.
[1019/135159.143:WARNING:dns_config_service_win.cc(712)] Failed to read DnsConfig.
[1019/135203.249:WARNING:dns_config_service_win.cc(712)] Failed to read DnsConfig.
[1019/135203.478:WARNING:dns_config_service_win.cc(712)] Failed to read DnsConfig.
[1019/135203.864:WARNING:dns_config_service_win.cc(712)] Failed to read DnsConfig.
[1019/135204.149:WARNING:dns_config_service_win.cc(712)] Failed to read DnsConfig.
[1019/135208.258:WARNING:dns_config_service_win.cc(712)] Failed to read DnsConfig.
[1019/135208.495:WARNING:dns_config_service_win.cc(712)] Failed to read DnsConfig.
[1019/135208.883:WARNING:dns_config_service_win.cc(712)] Failed to read DnsConfig.
[1019/135209.157:WARNING:dns_config_service_win.cc(712)] Failed to read DnsConfig.
[1019/135213.264:WARNING:dns_config_service_win.cc(712)] Failed to read DnsConfig.
[1019/135213.512:WARNING:dns_config_service_win.cc(712)] Failed to read DnsConfig.
[1019/135213.900:WARNING:dns_config_service_win.cc(712)] Failed to read DnsConfig.
[1019/135214.171:WARNING:dns_config_service_win.cc(712)] Failed to read DnsConfig.
[1019/135218.277:WARNING:dns_config_service_win.cc(712)] Failed to read DnsConfig.
[1019/135218.526:WARNING:dns_config_service_win.cc(712)] Failed to read DnsConfig.
[1019/135218.913:WARNING:dns_config_service_win.cc(712)] Failed to read DnsConfig.
[1019/135219.177:WARNING:dns_config_service_win.cc(712)] Failed to read DnsConfig.
[1019/135223.283:WARNING:dns_config_service_win.cc(712)] Failed to read DnsConfig.
[1019/135223.545:WARNING:dns_config_service_win.cc(712)] Failed to read DnsConfig.
[1019/135223.923:WARNING:dns_config_service_win.cc(712)] Failed to read DnsConfig.
[1019/135224.192:WARNING:dns_config_service_win.cc(712)] Failed to read DnsConfig.
[1019/135228.291:WARNING:dns_config_service_win.cc(712)] Failed to read DnsConfig.
[1019/135228.547:WARNING:dns_config_service_win.cc(712)] Failed to read DnsConfig.
[1019/135228.937:WARNING:dns_config_service_win.cc(712)] Failed to read DnsConfig.
[1019/135229.203:WARNING:dns_config_service_win.cc(712)] Failed to read DnsConfig.
[1019/135233.304:WARNING:dns_config_service_win.cc(712)] Failed to read DnsConfig.
[1019/135233.554:WARNING:dns_config_service_win.cc(712)] Failed to read DnsConfig.
[1019/135233.945:WARNING:dns_config_service_win.cc(712)] Failed to read DnsConfig.
[1019/135234.211:WARNING:dns_config_service_win.cc(712)] Failed to read DnsConfig.
[1019/135238.328:WARNING:dns_config_service_win.cc(712)] Failed to read DnsConfig.
[1019/135238.578:WARNING:dns_config_service_win.cc(712)] Failed to read DnsConfig.
[1019/135238.953:WARNING:dns_config_service_win.cc(712)] Failed to read DnsConfig.
[1019/135239.219:WARNING:dns_config_service_win.cc(712)] Failed to read DnsConfig.
[1019/135243.343:WARNING:dns_config_service_win.cc(712)] Failed to read DnsConfig.
[1019/135243.593:WARNING:dns_config_service_win.cc(712)] Failed to read DnsConfig.
[1019/135243.968:WARNING:dns_config_service_win.cc(712)] Failed to read DnsConfig.
[1019/135244.234:WARNING:dns_config_service_win.cc(712)] Failed to read DnsConfig.
[1019/135248.357:WARNING:dns_config_service_win.cc(712)] Failed to read DnsConfig.
[1019/135248.607:WARNING:dns_config_service_win.cc(712)] Failed to read DnsConfig.
[1019/135248.979:WARNING:dns_config_service_win.cc(712)] Failed to read DnsConfig.
[1019/135249.245:WARNING:dns_config_service_win.cc(712)] Failed to read DnsConfig.
[1019/135253.372:WARNING:dns_config_service_win.cc(712)] Failed to read DnsConfig.
[1019/135253.622:WARNING:dns_config_service_win.cc(712)] Failed to read DnsConfig.
[1019/135253.997:WARNING:dns_config_service_win.cc(712)] Failed to read DnsConfig.
[1019/135254.254:WARNING:dns_config_service_win.cc(712)] Failed to read DnsConfig.
[1019/135258.388:WARNING:dns_config_service_win.cc(712)] Failed to read DnsConfig.
[1019/135258.638:WARNING:dns_config_service_win.cc(712)] Failed to read DnsConfig.
[1019/135259.013:WARNING:dns_config_service_win.cc(712)] Failed to read DnsConfig.
[1019/135259.263:WARNING:dns_config_service_win.cc(712)] Failed to read DnsConfig.
[1019/135303.401:WARNING:dns_config_service_win.cc(712)] Failed to read DnsConfig.
[1019/135303.651:WARNING:dns_config_service_win.cc(712)] Failed to read DnsConfig.
[1019/135304.026:WARNING:dns_config_service_win.cc(712)] Failed to read DnsConfig.
[1019/135304.276:WARNING:dns_config_service_win.cc(712)] Failed to read DnsConfig.
[1019/135308.415:WARNING:dns_config_service_win.cc(712)] Failed to read DnsConfig.
[1019/135308.665:WARNING:dns_config_service_win.cc(712)] Failed to read DnsConfig.
[1019/135309.040:WARNING:dns_config_service_win.cc(712)] Failed to read DnsConfig.
[1019/135309.290:WARNING:dns_config_service_win.cc(712)] Failed to read DnsConfig.
[1019/135313.435:WARNING:dns_config_service_win.cc(712)] Failed to read DnsConfig.
[1019/135313.685:WARNING:dns_config_service_win.cc(712)] Failed to read DnsConfig.
[1019/135314.060:WARNING:dns_config_service_win.cc(712)] Failed to read DnsConfig.
[1019/135314.310:WARNING:dns_config_service_win.cc(712)] Failed to read DnsConfig.
[1019/135318.452:WARNING:dns_config_service_win.cc(712)] Failed to read DnsConfig.
[1019/135318.708:WARNING:dns_config_service_win.cc(712)] Failed to read DnsConfig.
[1019/135319.086:WARNING:dns_config_service_win.cc(712)] Failed to read DnsConfig.
[1019/135319.337:WARNING:dns_config_service_win.cc(712)] Failed to read DnsConfig.
[1019/135323.463:WARNING:dns_config_service_win.cc(712)] Failed to read DnsConfig.
[1019/135323.725:WARNING:dns_config_service_win.cc(712)] Failed to read DnsConfig.
[1019/135324.100:WARNING:dns_config_service_win.cc(712)] Failed to read DnsConfig.
[1019/135324.355:WARNING:dns_config_service_win.cc(712)] Failed to read DnsConfig.
[1019/135328.497:WARNING:dns_config_service_win.cc(712)] Failed to read DnsConfig.
[1019/135328.736:WARNING:dns_config_service_win.cc(712)] Failed to read DnsConfig.
[1019/135329.106:WARNING:dns_config_service_win.cc(712)] Failed to read DnsConfig.
[1019/135329.372:WARNING:dns_config_service_win.cc(712)] Failed to read DnsConfig.
[1019/135333.504:WARNING:dns_config_service_win.cc(712)] Failed to read DnsConfig.
[1019/135333.751:WARNING:dns_config_service_win.cc(712)] Failed to read DnsConfig.
[1019/135334.121:WARNING:dns_config_service_win.cc(712)] Failed to read DnsConfig.
[1019/135334.388:WARNING:dns_config_service_win.cc(712)] Failed to read DnsConfig.
[1019/135338.508:WARNING:dns_config_service_win.cc(712)] Failed to read DnsConfig.
[1019/135338.759:WARNING:dns_config_service_win.cc(712)] Failed to read DnsConfig.
[1019/135339.133:WARNING:dns_config_service_win.cc(712)] Failed to read DnsConfig.
[1019/135339.399:WARNING:dns_config_service_win.cc(712)] Failed to read DnsConfig.
[1019/135343.523:WARNING:dns_config_service_win.cc(712)] Failed to read DnsConfig.
[1019/135343.773:WARNING:dns_config_service_win.cc(712)] Failed to read DnsConfig.
[1019/135344.148:WARNING:dns_config_service_win.cc(712)] Failed to read DnsConfig.
[1019/135344.413:WARNING:dns_config_service_win.cc(712)] Failed to read DnsConfig.
[1019/135348.537:WARNING:dns_config_service_win.cc(712)] Failed to read DnsConfig.
[1019/135348.788:WARNING:dns_config_service_win.cc(712)] Failed to read DnsConfig.
[1019/135349.166:WARNING:dns_config_service_win.cc(712)] Failed to read DnsConfig.
[1019/135349.431:WARNING:dns_config_service_win.cc(712)] Failed to read DnsConfig.
[1019/135353.546:WARNING:dns_config_service_win.cc(712)] Failed to read DnsConfig.
[1019/135353.811:WARNING:dns_config_service_win.cc(712)] Failed to read DnsConfig.
[1019/135354.186:WARNING:dns_config_service_win.cc(712)] Failed to read DnsConfig.
[1019/135354.451:WARNING:dns_config_service_win.cc(712)] Failed to read DnsConfig.
[1019/135358.660:WARNING:dns_config_service_win.cc(712)] Failed to read DnsConfig.
[1019/135358.849:WARNING:dns_config_service_win.cc(712)] Failed to read DnsConfig.
[1019/135359.206:WARNING:dns_config_service_win.cc(712)] Failed to read DnsConfig.
[1019/135359.470:WARNING:dns_config_service_win.cc(712)] Failed to read DnsConfig.
[1019/135403.669:WARNING:dns_config_service_win.cc(712)] Failed to read DnsConfig.
[1019/135403.856:WARNING:dns_config_service_win.cc(712)] Failed to read DnsConfig.
[1019/135404.220:WARNING:dns_config_service_win.cc(712)] Failed to read DnsConfig.
[1019/135404.480:WARNING:dns_config_service_win.cc(712)] Failed to read DnsConfig.
[1019/135408.682:WARNING:dns_config_service_win.cc(712)] Failed to read DnsConfig.
[1019/135408.869:WARNING:dns_config_service_win.cc(712)] Failed to read DnsConfig.
[1019/135409.230:WARNING:dns_config_service_win.cc(712)] Failed to read DnsConfig.
[1019/135409.494:WARNING:dns_config_service_win.cc(712)] Failed to read DnsConfig.
[1019/135413.697:WARNING:dns_config_service_win.cc(712)] Failed to read DnsConfig.
[1019/135413.885:WARNING:dns_config_service_win.cc(712)] Failed to read DnsConfig.
[1019/135414.249:WARNING:dns_config_service_win.cc(712)] Failed to read DnsConfig.
[1019/135414.519:WARNING:dns_config_service_win.cc(712)] Failed to read DnsConfig.
[1019/135418.719:WARNING:dns_config_service_win.cc(712)] Failed to read DnsConfig.
[1019/135418.891:WARNING:dns_config_service_win.cc(712)] Failed to read DnsConfig.
[1019/135419.267:WARNING:dns_config_service_win.cc(712)] Failed to read DnsConfig.
[1019/135419.529:WARNING:dns_config_service_win.cc(712)] Failed to read DnsConfig.
[1019/135423.727:WARNING:dns_config_service_win.cc(712)] Failed to read DnsConfig.
[1019/135423.898:WARNING:dns_config_service_win.cc(712)] Failed to read DnsConfig.
[1019/135424.275:WARNING:dns_config_service_win.cc(712)] Failed to read DnsConfig.
[1019/135424.543:WARNING:dns_config_service_win.cc(712)] Failed to read DnsConfig.
[1019/135428.744:WARNING:dns_config_service_win.cc(712)] Failed to read DnsConfig.
[1019/135428.911:WARNING:dns_config_service_win.cc(712)] Failed to read DnsConfig.
[1019/135429.288:WARNING:dns_config_service_win.cc(712)] Failed to read DnsConfig.
[1019/135429.553:WARNING:dns_config_service_win.cc(712)] Failed to read DnsConfig.
[1019/135433.765:WARNING:dns_config_service_win.cc(712)] Failed to read DnsConfig.
[1019/135433.922:WARNING:dns_config_service_win.cc(712)] Failed to read DnsConfig.
[1019/135434.300:WARNING:dns_config_service_win.cc(712)] Failed to read DnsConfig.
[1019/135434.566:WARNING:dns_config_service_win.cc(712)] Failed to read DnsConfig.
[1019/135438.784:WARNING:dns_config_service_win.cc(712)] Failed to read DnsConfig.
[1019/135438.942:WARNING:dns_config_service_win.cc(712)] Failed to read DnsConfig.
[1019/135439.323:WARNING:dns_config_service_win.cc(712)] Failed to read DnsConfig.
[1019/135439.591:WARNING:dns_config_service_win.cc(712)] Failed to read DnsConfig.
[1019/135443.795:WARNING:dns_config_service_win.cc(712)] Failed to read DnsConfig.
[1019/135443.955:WARNING:dns_config_service_win.cc(712)] Failed to read DnsConfig.
[1019/135444.356:WARNING:dns_config_service_win.cc(712)] Failed to read DnsConfig.
[1019/135444.607:WARNING:dns_config_service_win.cc(712)] Failed to read DnsConfig.
[1019/135448.809:WARNING:dns_config_service_win.cc(712)] Failed to read DnsConfig.
[1019/135448.977:WARNING:dns_config_service_win.cc(712)] Failed to read DnsConfig.
[1019/135449.368:WARNING:dns_config_service_win.cc(712)] Failed to read DnsConfig.
[1019/135449.620:WARNING:dns_config_service_win.cc(712)] Failed to read DnsConfig.
[1019/135453.829:WARNING:dns_config_service_win.cc(712)] Failed to read DnsConfig.
[1019/135453.986:WARNING:dns_config_service_win.cc(712)] Failed to read DnsConfig.
[1019/135454.376:WARNING:dns_config_service_win.cc(712)] Failed to read DnsConfig.
[1019/135454.626:WARNING:dns_config_service_win.cc(712)] Failed to read DnsConfig.
[1019/135458.843:WARNING:dns_config_service_win.cc(712)] Failed to read DnsConfig.
[1019/135459.003:WARNING:dns_config_service_win.cc(712)] Failed to read DnsConfig.
[1019/135459.411:WARNING:dns_config_service_win.cc(712)] Failed to read DnsConfig.
[1019/135459.653:WARNING:dns_config_service_win.cc(712)] Failed to read DnsConfig.
[1019/135503.851:WARNING:dns_config_service_win.cc(712)] Failed to read DnsConfig.
[1019/135504.009:WARNING:dns_config_service_win.cc(712)] Failed to read DnsConfig.
[1019/135504.421:WARNING:dns_config_service_win.cc(712)] Failed to read DnsConfig.
[1019/135504.675:WARNING:dns_config_service_win.cc(712)] Failed to read DnsConfig.
[1019/135508.867:WARNING:dns_config_service_win.cc(712)] Failed to read DnsConfig.
[1019/135509.029:WARNING:dns_config_service_win.cc(712)] Failed to read DnsConfig.
[1019/135509.439:WARNING:dns_config_service_win.cc(712)] Failed to read DnsConfig.
[1019/135509.695:WARNING:dns_config_service_win.cc(712)] Failed to read DnsConfig.
[1019/135513.883:WARNING:dns_config_service_win.cc(712)] Failed to read DnsConfig.
[1019/135514.041:WARNING:dns_config_service_win.cc(712)] Failed to read DnsConfig.
[1019/135514.457:WARNING:dns_config_service_win.cc(712)] Failed to read DnsConfig.
[1019/135514.739:WARNING:dns_config_service_win.cc(712)] Failed to read DnsConfig.
[1019/135518.894:WARNING:dns_config_service_win.cc(712)] Failed to read DnsConfig.
[1019/135519.055:WARNING:dns_config_service_win.cc(712)] Failed to read DnsConfig.
[1019/135519.468:WARNING:dns_config_service_win.cc(712)] Failed to read DnsConfig.
[1019/135519.759:WARNING:dns_config_service_win.cc(712)] Failed to read DnsConfig.
[1019/135523.901:WARNING:dns_config_service_win.cc(712)] Failed to read DnsConfig.
[1019/135524.073:WARNING:dns_config_service_win.cc(712)] Failed to read DnsConfig.
[1019/135524.492:WARNING:dns_config_service_win.cc(712)] Failed to read DnsConfig.
[1019/135524.773:WARNING:dns_config_service_win.cc(712)] Failed to read DnsConfig.
[1019/135528.907:WARNING:dns_config_service_win.cc(712)] Failed to read DnsConfig.
[1019/135529.092:WARNING:dns_config_service_win.cc(712)] Failed to read DnsConfig.
[1019/135529.502:WARNING:dns_config_service_win.cc(712)] Failed to read DnsConfig.
[1019/135529.782:WARNING:dns_config_service_win.cc(712)] Failed to read DnsConfig.
[1019/135533.968:WARNING:dns_config_service_win.cc(712)] Failed to read DnsConfig.
[1019/135534.120:WARNING:dns_config_service_win.cc(712)] Failed to read DnsConfig.
[1019/135534.524:WARNING:dns_config_service_win.cc(712)] Failed to read DnsConfig.
[1019/135534.797:WARNING:dns_config_service_win.cc(712)] Failed to read DnsConfig.
[1019/135538.978:WARNING:dns_config_service_win.cc(712)] Failed to read DnsConfig.
[1019/135539.134:WARNING:dns_config_service_win.cc(712)] Failed to read DnsConfig.
[1019/135539.538:WARNING:dns_config_service_win.cc(712)] Failed to read DnsConfig.
[1019/135539.819:WARNING:dns_config_service_win.cc(712)] Failed to read DnsConfig.
[1019/135543.996:WARNING:dns_config_service_win.cc(712)] Failed to read DnsConfig.
[1019/135544.154:WARNING:dns_config_service_win.cc(712)] Failed to read DnsConfig.
[1019/135544.551:WARNING:dns_config_service_win.cc(712)] Failed to read DnsConfig.
[1019/135544.834:WARNING:dns_config_service_win.cc(712)] Failed to read DnsConfig.
[1019/135549.017:WARNING:dns_config_service_win.cc(712)] Failed to read DnsConfig.
[1019/135549.172:WARNING:dns_config_service_win.cc(712)] Failed to read DnsConfig.
[1019/135549.579:WARNING:dns_config_service_win.cc(712)] Failed to read DnsConfig.
[1019/135549.856:WARNING:dns_config_service_win.cc(712)] Failed to read DnsConfig.
[1019/135554.042:WARNING:dns_config_service_win.cc(712)] Failed to read DnsConfig.
[1019/135554.195:WARNING:dns_config_service_win.cc(712)] Failed to read DnsConfig.
[1019/135554.590:WARNING:dns_config_service_win.cc(712)] Failed to read DnsConfig.
[1019/135555.023:WARNING:dns_config_service_win.cc(712)] Failed to read DnsConfig.
[1019/135559.056:WARNING:dns_config_service_win.cc(712)] Failed to read DnsConfig.
[1019/135559.210:WARNING:dns_config_service_win.cc(712)] Failed to read DnsConfig.
[1019/135559.604:WARNING:dns_config_service_win.cc(712)] Failed to read DnsConfig.
[1019/135600.040:WARNING:dns_config_service_win.cc(712)] Failed to read DnsConfig.
[1019/135604.071:WARNING:dns_config_service_win.cc(712)] Failed to read DnsConfig.
[1019/135604.227:WARNING:dns_config_service_win.cc(712)] Failed to read DnsConfig.
[1019/135604.624:WARNING:dns_config_service_win.cc(712)] Failed to read DnsConfig.
[1019/135605.053:WARNING:dns_config_service_win.cc(712)] Failed to read DnsConfig.
[1019/135609.085:WARNING:dns_config_service_win.cc(712)] Failed to read DnsConfig.
[1019/135609.240:WARNING:dns_config_service_win.cc(712)] Failed to read DnsConfig.
[1019/135609.640:WARNING:dns_config_service_win.cc(712)] Failed to read DnsConfig.
[1019/135610.060:WARNING:dns_config_service_win.cc(712)] Failed to read DnsConfig.
[1019/135614.106:WARNING:dns_config_service_win.cc(712)] Failed to read DnsConfig.
[1019/135614.259:WARNING:dns_config_service_win.cc(712)] Failed to read DnsConfig.
[1019/135614.650:WARNING:dns_config_service_win.cc(712)] Failed to read DnsConfig.
[1019/135615.069:WARNING:dns_config_service_win.cc(712)] Failed to read DnsConfig.
[1019/135619.114:WARNING:dns_config_service_win.cc(712)] Failed to read DnsConfig.
[1019/135619.271:WARNING:dns_config_service_win.cc(712)] Failed to read DnsConfig.
[1019/135929.876:ERROR:gpu_process_host.cc(995)] GPU process exited unexpectedly: exit_code=1073807364
[1019/135929.877:WARNING:gpu_process_host.cc(1308)] The GPU process has crashed 1 time(s)
[1019/135930.485:ERROR:network_service_instance_impl.cc(331)] Network service crashed, restarting service.
[1019/135931.717:ERROR:network_service_instance_impl.cc(331)] Network service crashed, restarting service.
[1019/135931.736:ERROR:gpu_process_host.cc(995)] GPU process exited unexpectedly: exit_code=-1073741205
[1019/135931.736:WARNING:gpu_process_host.cc(1308)] The GPU process has crashed 2 time(s)
[1019/135931.822:ERROR:network_service_instance_impl.cc(331)] Network service crashed, restarting service.
[1019/135931.891:ERROR:gpu_process_host.cc(995)] GPU process exited unexpectedly: exit_code=-1073741205
[1019/135931.891:WARNING:gpu_process_host.cc(1308)] The GPU process has crashed 3 time(s)
[1019/135931.891:FATAL:gpu_data_manager_impl_private.cc(414)] GPU process isn't usable. Goodbye.
